Arguments: 
  C:\Program Files\nodejs\node.exe C:\Program Files (x86)\Yarn\bin\yarn.js install

PATH: 
  e:\openserver\modules\php\PHP-7.0-x64\ext;e:\openserver\modules\php\PHP-7.0-x64\pear;e:\openserver\modules\php\PHP-7.0-x64\pear\bin;e:\openserver\modules\php\PHP-7.0-x64;e:\openserver\modules\imagemagick;e:\openserver\modules\wget\bin;e:\openserver\modules\git;e:\openserver\modules\git\bin;e:\openserver\modules\git\mingw\bin;e:\openserver\modules\git\cmd;e:\openserver\modules\database\MySQL-5.6\bin;e:\openserver\modules\http\Apache-PHP-7-x64\bin;e:\openserver\modules\http\Apache-PHP-7-x64;C:\Windows\system32;C:\Windows;C:\Windows\system32\Wbem;C:\Windows\SysWOW64;C:\ProgramData\Oracle\Java\javapath;C:\Windows\system32;C:\Windows;C:\Windows\System32\Wbem;C:\Windows\System32\WindowsPowerShell\v1.0\;C:\Program Files\Git\cmd;C:\Program Files (x86)\Skype\Phone\;C:\Program Files\nodejs\;C:\Program Files (x86)\Yarn\bin;e:\OpenServer\modules\php\PHP-5.6\php;C:\Windows\System32\VS08P.bat;C:\Ruby22-x64\bin;C:\Program Files (x86)\Microsoft VS Code\bin;C:\Users\Bogdan\AppData\Roaming\npm;C:\Users\Bogdan\AppData\Local\Yarn\.bin;C:\Windows\system32;C:\Windows;C:\Windows\System32\Wbem;C:\Windows\System32\WindowsPowerShell\v1.0\;C:\Windows\System32\VS08P.bat;C:\Users\Bogdan\AppData\Local\.meteor\

Yarn version: 
  0.16.0

Node version: 
  4.6.0

Platform: 
  win32 x64

npm manifest: 
  {
    "name": "angular-2-start",
    "version": "0.1.0",
    "dependencies": {
      "@angular/common": "~4.0.0",
      "@angular/compiler": "~4.0.0",
      "@angular/compiler-cli": "~4.0.0",
      "@angular/core": "~4.0.0",
      "@angular/forms": "~4.0.0",
      "@angular/http": "~4.0.0",
      "@angular/platform-browser": "~4.0.0",
      "@angular/platform-browser-dynamic": "~4.0.0",
      "@angular/router": "~4.0.0",
      "@angular/tsc-wrapped": "~4.0.0",
      "@angular/upgrade": "~4.0.0",
      "angular-in-memory-web-api": "~0.3.1",
      "angular2-router-loader": "^0.3.4",
      "angular2-template-loader": "^0.6.0",
      "angular2-text-mask": "^4.1.0",
      "awesome-typescript-loader": "^3.0.0-beta.9",
      "bootstrap-sass": "^3.0.0",
      "browser-sync": "^2.2.3",
      "core-js": "^2.4.1",
      "expose-loader": "^0.7.1",
      "rxjs": "5.0.1",
      "gulp": "^3.8.11",
      "gulp-autoprefixer": "^2.1.0",
      "gulp-favicons": "^1.0.9",
      "gulp-htmlclean": "^2.5.0",
      "gulp-imagemin": "^2.2.1",
      "gulp-minify-css": "^1.0.0",
      "gulp-plumber": "^1.0.0",
      "gulp-rename": "^1.2.2",
      "gulp-rigger": "^0.5.8",
      "gulp-ruby-sass": "^1.0.1",
      "gulp-sourcemaps": "^1.5.0",
      "gulp-ttf2eot": "^1.0.2",
      "gulp-ttf2woff": "^1.0.2",
      "gulp-uglify": "^1.1.0",
      "gulp-version-append": "^0.0.3",
      "gulp-watch": "^4.1.1",
      "gulp-webpack": "^1.5.0",
      "gulp-zip": "^3.0.2",
      "gulp.spritesmith": "^3.5.4",
      "imagemin-pngquant": "^4.0.0",
      "imports-loader": "^0.6.5",
      "jquery": "^2.2.4",
      "raw-loader": "^0.5.1",
      "reflect-metadata": "^0.1.8",
      "rimraf": "^2.3.1",
      "script-loader": "^0.7.0",
      "systemjs": "0.19.39",
      "zone.js": "^0.8.4"
    },
    "devDependencies": {
      "@types/angular": "^1.5.16",
      "@types/angular-animate": "^1.5.5",
      "@types/angular-cookies": "^1.4.2",
      "@types/angular-mocks": "^1.5.5",
      "@types/angular-resource": "^1.5.6",
      "@types/angular-route": "^1.3.2",
      "@types/angular-sanitize": "^1.3.3",
      "@types/jasmine": "2.5.36",
      "@types/node": "^6.0.45",
      "babel-core": "^6.17.0",
      "babel-loader": "^6.2.5",
      "babel-preset-angular2": "^0.0.2",
      "babel-plugin-transform-es2015-modules-commonjs": "^6.16.0",
      "babel-plugin-transform-runtime": "^6.15.0",
      "babel-preset-es2015": "^6.16.0",
      "babel-preset-es2015-nostrict": "^6.6.2",
      "babel-runtime": "^6.11.6",
      "babel-cli": "^6.16.0",
      "ts-loader": "^0.8.2",
      "typescript": "~2.2.0",
      "typings": "^1.2.0",
      "webpack": "^1.12.14"
    },
    "scripts": {
      "postinstall": "bower install",
    }
  }

yarn manifest: 
  No manifest

bower manifest: 
  {
    "name": "ProjectName",
    "version": "1.0.0",
    "ignore": [
      "**/.*",
      "node_modules",
      "bower_components",
      "test",
      "tests"
    ],
    "dependencies": {
    },
    "moduleType": [
      "node"
    ]
  }

Lockfile: 
  No lockfile

Trace: 
  SyntaxError: E:\OpenServer\domains\mailx\resources\assets\_gulp-builder\package.json: Unexpected token }
      at Object.parse (native)
      at C:\Program Files (x86)\Yarn\lib-legacy\util\fs.js:293:57
      at next (native)
      at step (C:\Program Files (x86)\Yarn\node_modules\babel-runtime\helpers\asyncToGenerator.js:17:30)
      at C:\Program Files (x86)\Yarn\node_modules\babel-runtime\helpers\asyncToGenerator.js:28:20
      at run (C:\Program Files (x86)\Yarn\node_modules\core-js\library\modules\es6.promise.js:87:22)
      at C:\Program Files (x86)\Yarn\node_modules\core-js\library\modules\es6.promise.js:100:28
      at flush (C:\Program Files (x86)\Yarn\node_modules\core-js\library\modules\_microtask.js:18:9)
      at nextTickCallbackWith0Args (node.js:420:9)
      at process._tickCallback (node.js:349:13)
